<?xml version="1.0" encoding="UTF-8"?>
<!-- Generated by org.testng.reporters.JUnitReportReporter -->
<testsuite hostname="L-INE-74PCQG3" failures="0" tests="21" name="RunnerClass.Runner" time="448.276" errors="0" timestamp="2025-01-21T15:59:04 IST" skipped="0">
  <testcase classname="RunnerClass.Runner" name="runScenario" time="22.139"/>
  <testcase classname="RunnerClass.Runner" name="runScenario" time="33.323"/>
  <testcase classname="RunnerClass.Runner" name="runScenario" time="26.424"/>
  <testcase classname="RunnerClass.Runner" name="runScenario" time="33.618"/>
  <testcase classname="RunnerClass.Runner" name="runScenario" time="8.266"/>
  <testcase classname="RunnerClass.Runner" name="runScenario" time="21.918"/>
  <testcase classname="RunnerClass.Runner" name="runScenario" time="27.434"/>
  <testcase classname="RunnerClass.Runner" name="runScenario" time="20.408"/>
  <testcase classname="RunnerClass.Runner" name="runScenario" time="22.463"/>
  <testcase classname="RunnerClass.Runner" name="runScenario" time="12.536"/>
  <testcase classname="RunnerClass.Runner" name="runScenario" time="9.729"/>
  <testcase classname="RunnerClass.Runner" name="runScenario" time="34.235"/>
  <testcase classname="RunnerClass.Runner" name="runScenario" time="21.988"/>
  <testcase classname="RunnerClass.Runner" name="runScenario" time="21.674"/>
  <testcase classname="RunnerClass.Runner" name="runScenario" time="13.272"/>
  <testcase classname="RunnerClass.Runner" name="runScenario" time="27.439"/>
  <testcase classname="RunnerClass.Runner" name="runScenario" time="21.685"/>
  <testcase classname="RunnerClass.Runner" name="runScenario" time="33.246"/>
  <testcase classname="RunnerClass.Runner" name="runScenario" time="9.525"/>
  <testcase classname="RunnerClass.Runner" name="runScenario" time="8.409"/>
  <testcase classname="RunnerClass.Runner" name="runScenario" time="18.545"/>
</testsuite> <!-- RunnerClass.Runner -->
