<?xml version="1.0" encoding="UTF-8"?>
<!-- Generated by org.testng.reporters.JUnitReportReporter -->
<testsuite hostname="L-INE-74PCQG3" failures="0" tests="1" name="RunnerClass.Runner" time="19.848" errors="0" timestamp="2025-01-20T14:47:19 IST" skipped="0">
  <testcase classname="RunnerClass.Runner" name="runScenario" time="19.848"/>
</testsuite> <!-- RunnerClass.Runner -->
