<?xml version="1.0" encoding="UTF-8"?>
<!-- Generated by org.testng.reporters.JUnitReportReporter -->
<testsuite hostname="L-INE-74PCQG3" failures="0" tests="18" name="RunnerClass.Runner" time="339.399" errors="0" timestamp="2025-01-17T21:22:09 IST" skipped="0">
  <testcase classname="RunnerClass.Runner" name="runScenario" time="18.951"/>
  <testcase classname="RunnerClass.Runner" name="runScenario" time="18.456"/>
  <testcase classname="RunnerClass.Runner" name="runScenario" time="10.947"/>
  <testcase classname="RunnerClass.Runner" name="runScenario" time="10.093"/>
  <testcase classname="RunnerClass.Runner" name="runScenario" time="9.615"/>
  <testcase classname="RunnerClass.Runner" name="runScenario" time="18.474"/>
  <testcase classname="RunnerClass.Runner" name="runScenario" time="22.618"/>
  <testcase classname="RunnerClass.Runner" name="runScenario" time="13.431"/>
  <testcase classname="RunnerClass.Runner" name="runScenario" time="32.870"/>
  <testcase classname="RunnerClass.Runner" name="runScenario" time="23.544"/>
  <testcase classname="RunnerClass.Runner" name="runScenario" time="19.565"/>
  <testcase classname="RunnerClass.Runner" name="runScenario" time="35.059"/>
  <testcase classname="RunnerClass.Runner" name="runScenario" time="7.373"/>
  <testcase classname="RunnerClass.Runner" name="runScenario" time="20.136"/>
  <testcase classname="RunnerClass.Runner" name="runScenario" time="22.809"/>
  <testcase classname="RunnerClass.Runner" name="runScenario" time="25.761"/>
  <testcase classname="RunnerClass.Runner" name="runScenario" time="7.289"/>
  <testcase classname="RunnerClass.Runner" name="runScenario" time="22.408"/>
</testsuite> <!-- RunnerClass.Runner -->
