<?xml version="1.0" encoding="UTF-8"?>
<!-- Generated by org.testng.reporters.JUnitReportReporter -->
<testsuite hostname="L-INE-74PCQG3" failures="0" tests="28" name="RunnerClass.Runner" time="0.608" errors="0" timestamp="2025-01-29T17:12:05 IST" skipped="0">
  <testcase classname="RunnerClass.Runner" name="runScenario" time="0.014"/>
  <testcase classname="RunnerClass.Runner" name="runScenario" time="0.013"/>
  <testcase classname="RunnerClass.Runner" name="runScenario" time="0.012"/>
  <testcase classname="RunnerClass.Runner" name="runScenario" time="0.015"/>
  <testcase classname="RunnerClass.Runner" name="runScenario" time="0.015"/>
  <testcase classname="RunnerClass.Runner" name="runScenario" time="0.016"/>
  <testcase classname="RunnerClass.Runner" name="runScenario" time="0.012"/>
  <testcase classname="RunnerClass.Runner" name="runScenario" time="0.015"/>
  <testcase classname="RunnerClass.Runner" name="runScenario" time="0.031"/>
  <testcase classname="RunnerClass.Runner" name="runScenario" time="0.016"/>
  <testcase classname="RunnerClass.Runner" name="runScenario" time="0.022"/>
  <testcase classname="RunnerClass.Runner" name="runScenario" time="0.014"/>
  <testcase classname="RunnerClass.Runner" name="runScenario" time="0.050"/>
  <testcase classname="RunnerClass.Runner" name="runScenario" time="0.021"/>
  <testcase classname="RunnerClass.Runner" name="runScenario" time="0.014"/>
  <testcase classname="RunnerClass.Runner" name="runScenario" time="0.010"/>
  <testcase classname="RunnerClass.Runner" name="runScenario" time="0.026"/>
  <testcase classname="RunnerClass.Runner" name="runScenario" time="0.012"/>
  <testcase classname="RunnerClass.Runner" name="runScenario" time="0.011"/>
  <testcase classname="RunnerClass.Runner" name="runScenario" time="0.013"/>
  <testcase classname="RunnerClass.Runner" name="runScenario" time="0.015"/>
  <testcase classname="RunnerClass.Runner" name="runScenario" time="0.012"/>
  <testcase classname="RunnerClass.Runner" name="runScenario" time="0.014"/>
  <testcase classname="RunnerClass.Runner" name="runScenario" time="0.035"/>
  <testcase classname="RunnerClass.Runner" name="runScenario" time="0.131"/>
  <testcase classname="RunnerClass.Runner" name="runScenario" time="0.012"/>
  <testcase classname="RunnerClass.Runner" name="runScenario" time="0.020"/>
  <testcase classname="RunnerClass.Runner" name="runScenario" time="0.017"/>
</testsuite> <!-- RunnerClass.Runner -->
