<?xml version="1.0" encoding="UTF-8"?>
<!-- Generated by org.testng.reporters.JUnitReportReporter -->
<testsuite hostname="L-INE-74PCQG3" failures="0" tests="28" name="RunnerClass.Runner" time="0.998" errors="0" timestamp="2025-01-29T17:25:26 IST" skipped="0">
  <testcase classname="RunnerClass.Runner" name="runScenario" time="0.019"/>
  <testcase classname="RunnerClass.Runner" name="runScenario" time="0.017"/>
  <testcase classname="RunnerClass.Runner" name="runScenario" time="0.012"/>
  <testcase classname="RunnerClass.Runner" name="runScenario" time="0.099"/>
  <testcase classname="RunnerClass.Runner" name="runScenario" time="0.015"/>
  <testcase classname="RunnerClass.Runner" name="runScenario" time="0.027"/>
  <testcase classname="RunnerClass.Runner" name="runScenario" time="0.009"/>
  <testcase classname="RunnerClass.Runner" name="runScenario" time="0.021"/>
  <testcase classname="RunnerClass.Runner" name="runScenario" time="0.050"/>
  <testcase classname="RunnerClass.Runner" name="runScenario" time="0.019"/>
  <testcase classname="RunnerClass.Runner" name="runScenario" time="0.024"/>
  <testcase classname="RunnerClass.Runner" name="runScenario" time="0.029"/>
  <testcase classname="RunnerClass.Runner" name="runScenario" time="0.051"/>
  <testcase classname="RunnerClass.Runner" name="runScenario" time="0.052"/>
  <testcase classname="RunnerClass.Runner" name="runScenario" time="0.019"/>
  <testcase classname="RunnerClass.Runner" name="runScenario" time="0.065"/>
  <testcase classname="RunnerClass.Runner" name="runScenario" time="0.051"/>
  <testcase classname="RunnerClass.Runner" name="runScenario" time="0.012"/>
  <testcase classname="RunnerClass.Runner" name="runScenario" time="0.019"/>
  <testcase classname="RunnerClass.Runner" name="runScenario" time="0.019"/>
  <testcase classname="RunnerClass.Runner" name="runScenario" time="0.012"/>
  <testcase classname="RunnerClass.Runner" name="runScenario" time="0.014"/>
  <testcase classname="RunnerClass.Runner" name="runScenario" time="0.010"/>
  <testcase classname="RunnerClass.Runner" name="runScenario" time="0.075"/>
  <testcase classname="RunnerClass.Runner" name="runScenario" time="0.195"/>
  <testcase classname="RunnerClass.Runner" name="runScenario" time="0.009"/>
  <testcase classname="RunnerClass.Runner" name="runScenario" time="0.034"/>
  <testcase classname="RunnerClass.Runner" name="runScenario" time="0.020"/>
</testsuite> <!-- RunnerClass.Runner -->
